0 info it worked if it ends with ok
1 verbose cli [ 'C:\\Program Files\\nodejs\\node.exe',
1 verbose cli   'C:\\Program Files\\nodejs\\node_modules\\npm\\bin\\npm-cli.js',
1 verbose cli   'start' ]
2 info using npm@4.1.2
3 info using node@v7.5.0
4 verbose run-script [ 'prestart', 'start', 'poststart' ]
5 info lifecycle EstiAccess@1.0.0~prestart: EstiAccess@1.0.0
6 silly lifecycle EstiAccess@1.0.0~prestart: no script for prestart, continuing
7 info lifecycle EstiAccess@1.0.0~start: EstiAccess@1.0.0
8 verbose lifecycle EstiAccess@1.0.0~start: unsafe-perm in lifecycle true
9 verbose lifecycle EstiAccess@1.0.0~start: PATH: C:\Program Files\nodejs\node_modules\npm\bin\node-gyp-bin;C:\Users\Devin\Desktop\Flow\EstiAccess\node_modules\.bin;C:\Users\Devin\bin;C:\Program Files\Git\mingw64\bin;C:\Program Files\Git\usr\local\bin;C:\Program Files\Git\usr\bin;C:\Program Files\Git\usr\bin;C:\Program Files\Git\mingw64\bin;C:\Program Files\Git\usr\bin;C:\Users\Devin\bin;C:\ProgramData\Oracle\Java\javapath;C:\Program Files (x86)\Intel\iCLS Client;C:\Program Files\Intel\iCLS Client;C:\Windows\system32;C:\Windows;C:\Windows\System32\Wbem;C:\Windows\System32\WindowsPowerShell\v1.0;C:\Program Files (x86)\Intel\Intel(R) Management Engine Components\DAL;C:\Program Files\Intel\Intel(R) Management Engine Components\DAL;C:\Program Files (x86)\Intel\Intel(R) Management Engine Components\IPT;C:\Program Files\Intel\Intel(R) Management Engine Components\IPT;C:\Program Files (x86)\NVIDIA Corporation\PhysX\Common;C:\Program Files (x86)\PuTTY;C:\Program Files\nodejs;C:\Users\Devin\AppData\Local\Microsoft\WindowsApps;C:\Users\Devin\AppData\Roaming\npm;C:\Program Files (x86)\Microsoft VS Code\bin;C:\Program Files\Git\usr\bin\vendor_perl;C:\Program Files\Git\usr\bin\core_perl
10 verbose lifecycle EstiAccess@1.0.0~start: CWD: C:\Users\Devin\Desktop\Flow\EstiAccess
11 silly lifecycle EstiAccess@1.0.0~start: Args: [ '/d /s /c',
11 silly lifecycle   'concurrent "npm run tsc:w" "npm run lite" "electron .' ]
12 silly lifecycle EstiAccess@1.0.0~start: Returned: code: 1  signal: null
13 info lifecycle EstiAccess@1.0.0~start: Failed to exec start script
14 verbose stack Error: EstiAccess@1.0.0 start: `concurrent "npm run tsc:w" "npm run lite" "electron .`
14 verbose stack Exit status 1
14 verbose stack     at EventEmitter.<anonymous> (C:\Program Files\nodejs\node_modules\npm\lib\utils\lifecycle.js:279:16)
14 verbose stack     at emitTwo (events.js:106:13)
14 verbose stack     at EventEmitter.emit (events.js:192:7)
14 verbose stack     at ChildProcess.<anonymous> (C:\Program Files\nodejs\node_modules\npm\lib\utils\spawn.js:40:14)
14 verbose stack     at emitTwo (events.js:106:13)
14 verbose stack     at ChildProcess.emit (events.js:192:7)
14 verbose stack     at maybeClose (internal/child_process.js:890:16)
14 verbose stack     at Process.ChildProcess._handle.onexit (internal/child_process.js:226:5)
15 verbose pkgid EstiAccess@1.0.0
16 verbose cwd C:\Users\Devin\Desktop\Flow\EstiAccess
17 error Windows_NT 10.0.14393
18 error argv "C:\\Program Files\\nodejs\\node.exe" "C:\\Program Files\\nodejs\\node_modules\\npm\\bin\\npm-cli.js" "start"
19 error node v7.5.0
20 error npm  v4.1.2
21 error code ELIFECYCLE
22 error EstiAccess@1.0.0 start: `concurrent "npm run tsc:w" "npm run lite" "electron .`
22 error Exit status 1
23 error Failed at the EstiAccess@1.0.0 start script 'concurrent "npm run tsc:w" "npm run lite" "electron .'.
23 error Make sure you have the latest version of node.js and npm installed.
23 error If you do, this is most likely a problem with the EstiAccess package,
23 error not with npm itself.
23 error Tell the author that this fails on your system:
23 error     concurrent "npm run tsc:w" "npm run lite" "electron .
23 error You can get information on how to open an issue for this project with:
23 error     npm bugs EstiAccess
23 error Or if that isn't available, you can get their info via:
23 error     npm owner ls EstiAccess
23 error There is likely additional logging output above.
24 verbose exit [ 1, true ]
